2024-04-02 18:43:05,368 - Name: .idea
2024-04-02 18:43:05,368 - Extension: 
2024-04-02 18:43:05,368 - Is Directory: True
2024-04-02 18:43:05,368 - Parent Directory: pythonProject6
2024-04-02 18:43:05,368 - 
2024-04-02 18:43:05,368 - Name: directory_contents
2024-04-02 18:43:05,368 - Extension: .log
2024-04-02 18:43:05,368 - Is Directory: False
2024-04-02 18:43:05,368 - Parent Directory: pythonProject6
2024-04-02 18:43:05,368 - 
2024-04-02 18:43:05,368 - Name: itog15
2024-04-02 18:43:05,368 - Extension: .py
2024-04-02 18:43:05,368 - Is Directory: False
2024-04-02 18:43:05,368 - Parent Directory: pythonProject6
2024-04-02 18:43:05,368 - 
2024-04-02 18:43:05,368 - Name: itog2
2024-04-02 18:43:05,368 - Extension: .py
2024-04-02 18:43:05,368 - Is Directory: False
2024-04-02 18:43:05,368 - Parent Directory: pythonProject6
2024-04-02 18:43:05,368 - 
2024-04-02 18:43:05,368 - Name: les1
2024-04-02 18:43:05,368 - Extension: .py
2024-04-02 18:43:05,368 - Is Directory: False
2024-04-02 18:43:05,368 - Parent Directory: pythonProject6
2024-04-02 18:43:05,368 - 
2024-04-02 18:43:05,368 - Name: les2
2024-04-02 18:43:05,368 - Extension: .py
2024-04-02 18:43:05,368 - Is Directory: False
2024-04-02 18:43:05,368 - Parent Directory: pythonProject6
2024-04-02 18:43:05,368 - 
2024-04-02 18:43:05,368 - Name: les3
2024-04-02 18:43:05,368 - Extension: .py
2024-04-02 18:43:05,368 - Is Directory: False
2024-04-02 18:43:05,368 - Parent Directory: pythonProject6
2024-04-02 18:43:05,368 - 
2024-04-02 18:43:05,368 - Name: les4
2024-04-02 18:43:05,368 - Extension: .py
2024-04-02 18:43:05,368 - Is Directory: False
2024-04-02 18:43:05,368 - Parent Directory: pythonProject6
2024-04-02 18:43:05,368 - 
2024-04-02 18:43:05,368 - Name: les5
2024-04-02 18:43:05,368 - Extension: .py
2024-04-02 18:43:05,368 - Is Directory: False
2024-04-02 18:43:05,368 - Parent Directory: pythonProject6
2024-04-02 18:43:05,368 - 
2024-04-02 18:43:05,368 - Name: log1
2024-04-02 18:43:05,368 - Extension: .log
2024-04-02 18:43:05,368 - Is Directory: False
2024-04-02 18:43:05,368 - Parent Directory: pythonProject6
2024-04-02 18:43:05,368 - 
2024-04-02 18:43:05,368 - Name: log15
2024-04-02 18:43:05,368 - Extension: .log
2024-04-02 18:43:05,368 - Is Directory: False
2024-04-02 18:43:05,368 - Parent Directory: pythonProject6
2024-04-02 18:43:05,368 - 
2024-04-02 18:43:05,368 - Name: log3
2024-04-02 18:43:05,368 - Extension: .log
2024-04-02 18:43:05,368 - Is Directory: False
2024-04-02 18:43:05,368 - Parent Directory: pythonProject6
2024-04-02 18:43:05,368 - 
2024-04-02 18:43:05,368 - Name: log4
2024-04-02 18:43:05,368 - Extension: .log
2024-04-02 18:43:05,368 - Is Directory: False
2024-04-02 18:43:05,368 - Parent Directory: pythonProject6
2024-04-02 18:43:05,368 - 
2024-04-02 18:43:05,368 - Name: logles2
2024-04-02 18:43:05,368 - Extension: .log
2024-04-02 18:43:05,368 - Is Directory: False
2024-04-02 18:43:05,368 - Parent Directory: pythonProject6
2024-04-02 18:43:05,368 - 
2024-04-02 18:43:05,368 - Name: logles3
2024-04-02 18:43:05,368 - Extension: .log
2024-04-02 18:43:05,368 - Is Directory: False
2024-04-02 18:43:05,368 - Parent Directory: pythonProject6
2024-04-02 18:43:05,368 - 
2024-04-02 18:43:05,368 - Name: main
2024-04-02 18:43:05,368 - Extension: .py
2024-04-02 18:43:05,368 - Is Directory: False
2024-04-02 18:43:05,368 - Parent Directory: pythonProject6
2024-04-02 18:43:05,368 - 
2024-04-02 18:43:05,368 - Name: venv
2024-04-02 18:43:05,368 - Extension: 
2024-04-02 18:43:05,368 - Is Directory: True
2024-04-02 18:43:05,368 - Parent Directory: pythonProject6
2024-04-02 18:43:05,368 - 
2024-04-02 18:43:05,368 - Directory contents saved to directory_contents.log
